7.1.2 01-03-2019 20:39:47 Starting new session. Mods: examplemod 
7.1.2 01-03-2019 20:39:58 MAJOR: null: Loading language: fr
7.1.2 01-03-2019 20:40:07 MAJOR: null: LanguageData loaded: fr. Wand invitem name: Wand of Summoning
7.1.2 01-03-2019 20:42:04 Starting new session. Mods: examplemod 
7.1.2 01-03-2019 20:42:14 MAJOR: null: Loading language: fr
7.1.2 01-03-2019 20:42:17 MAJOR: null: LanguageData loaded: fr. Wand invitem name: Wand of Summoning
7.1.2 01-03-2019 20:44:09 Starting new session. Mods: examplemod 
7.1.2 01-03-2019 20:44:25 MAJOR: null: Loading language: fr
7.1.2 01-03-2019 20:44:30 MAJOR: null: LanguageData loaded: fr. Wand invitem name: Wand of Summoning
7.1.2 01-03-2019 20:46:01 Starting new session. Mods: examplemod 
7.1.2 01-03-2019 20:46:15 MAJOR: null: Loading language: fr
7.1.2 01-03-2019 20:46:16 MAJOR: null: LanguageData loaded: fr. Wand invitem name: Wand of Summoning
7.1.2 01-03-2019 20:57:33 Starting new session. Mods: examplemod 
7.1.2 01-03-2019 20:57:47 MAJOR: null: Loading language: fr
7.1.2 01-03-2019 20:57:59 MAJOR: null: LanguageData loaded: fr. Wand invitem name: Wand of Summoning
7.1.2 01-03-2019 21:39:43 Starting new session. Mods: examplemod 
7.1.2 01-03-2019 21:39:59 MAJOR: null: Loading language: fr
7.1.2 01-03-2019 21:40:11 MAJOR: null: LanguageData loaded: fr. Wand invitem name: Wand of Summoning
7.1.2 01-03-2019 23:37:25 ERROR: Wilhelm Svenning/bandit/2070364408214441724/308/67/-382: Villager is far away from village. Despawning him.
7.1.2 02-03-2019 19:08:53 Starting new session. Mods: examplemod 
7.1.2 02-03-2019 19:09:22 MAJOR: null: Loading language: fr
7.1.2 02-03-2019 19:09:34 MAJOR: null: LanguageData loaded: fr. Wand invitem name: Wand of Summoning
7.1.2 02-03-2019 22:44:01 Starting new session. Mods: examplemod 
7.1.2 02-03-2019 22:44:15 MAJOR: null: Loading language: fr
7.1.2 02-03-2019 22:44:17 MAJOR: null: LanguageData loaded: fr. Wand invitem name: Wand of Summoning
7.1.2 03-03-2019 00:18:11 MAJOR: (fortbyzantine_A2 at 373/72/-161/2/0/1018354288/Apoudoululimne/net.minecraft.world.WorldServer@3e18d42d): Finished ending raid. Records: 18
7.1.2 03-03-2019 15:29:05 Starting new session. Mods: examplemod 
7.1.2 03-03-2019 15:29:37 MAJOR: null: Loading language: fr
7.1.2 03-03-2019 15:30:00 MAJOR: null: LanguageData loaded: fr. Wand invitem name: Wand of Summoning
7.1.2 03-03-2019 20:38:46 Starting new session. Mods: examplemod 
7.1.2 03-03-2019 20:38:59 MAJOR: null: Loading language: fr
7.1.2 03-03-2019 20:39:01 MAJOR: null: LanguageData loaded: fr. Wand invitem name: Wand of Summoning
7.1.2 03-03-2019 20:41:32 MAJOR: (fortbyzantine_A2 at 373/72/-161/2/0/975056958/Apoudoululimne/net.minecraft.world.WorldServer@40f59c66): Finished ending raid. Records: 27
7.1.2 03-03-2019 21:40:55 ERROR: (oaktower_A0 at -905/93/-297/2/0/404658386/Mono Paratiritio/net.minecraft.world.WorldServer@40f59c66): No selling data from player Juanma, only has data for [Ljava.lang.Object;@4cdaff6
7.1.2 03-03-2019 21:48:12 MAJOR: (sanduit_A0 at -1305/80/185/0/0/1569272889/Autsituqpuq/net.minecraft.world.WorldServer@40f59c66): Updating record for villager: Mumibnaq Kappiataitok/inuit_sanduitdaughter/3422939234120171033/-1303/81/185
7.1.2 03-03-2019 21:48:12 MAJOR: (sanduit_A0 at -1305/80/185/0/0/1569272889/Autsituqpuq/net.minecraft.world.WorldServer@40f59c66): Updating record for villager: Mapsaq Auma/inuit_sanduitson/4385879237324785885/-1303/81/185
7.1.2 03-03-2019 21:48:17 MAJOR: (sanduit_A0 at -1305/80/185/0/0/1569272889/Autsituqpuq/net.minecraft.world.WorldServer@40f59c66): Updating record for villager: Mumibnaq Kappiataitok/inuit_sanduitdaughter/3422939234120171033/-1303/81/185
7.1.2 03-03-2019 21:48:17 MAJOR: (sanduit_A0 at -1305/80/185/0/0/1569272889/Autsituqpuq/net.minecraft.world.WorldServer@40f59c66): Updating record for villager: Mapsaq Auma/inuit_sanduitson/4385879237324785885/-1303/81/185
7.1.2 03-03-2019 21:48:20 MAJOR: (sanduit_A0 at -1305/80/185/0/0/1569272889/Autsituqpuq/net.minecraft.world.WorldServer@40f59c66): Updating record for villager: Mumibnaq Kappiataitok/inuit_sanduitdaughter/3422939234120171033/-1303/81/185
7.1.2 03-03-2019 21:48:20 MAJOR: (sanduit_A0 at -1305/80/185/0/0/1569272889/Autsituqpuq/net.minecraft.world.WorldServer@40f59c66): Updating record for villager: Mapsaq Auma/inuit_sanduitson/4385879237324785885/-1303/81/185
7.1.2 03-03-2019 21:48:26 MAJOR: (sanduit_A0 at -1305/80/185/0/0/1569272889/Autsituqpuq/net.minecraft.world.WorldServer@40f59c66): Updating record for villager: Mumibnaq Kappiataitok/inuit_sanduitdaughter/3422939234120171033/-1303/81/185
7.1.2 03-03-2019 21:48:26 MAJOR: (sanduit_A0 at -1305/80/185/0/0/1569272889/Autsituqpuq/net.minecraft.world.WorldServer@40f59c66): Updating record for villager: Mapsaq Auma/inuit_sanduitson/4385879237324785885/-1303/81/185
7.1.2 03-03-2019 21:48:30 MAJOR: (sanduit_A0 at -1305/80/185/0/0/1569272889/Autsituqpuq/net.minecraft.world.WorldServer@40f59c66): Updating record for villager: Mumibnaq Kappiataitok/inuit_sanduitdaughter/3422939234120171033/-1303/81/185
7.1.2 03-03-2019 21:48:30 MAJOR: (sanduit_A0 at -1305/80/185/0/0/1569272889/Autsituqpuq/net.minecraft.world.WorldServer@40f59c66): Updating record for villager: Mapsaq Auma/inuit_sanduitson/4385879237324785885/-1303/81/185
7.1.2 03-03-2019 21:48:35 MAJOR: (sanduit_A0 at -1305/80/185/0/0/1569272889/Autsituqpuq/net.minecraft.world.WorldServer@40f59c66): Updating record for villager: Mumibnaq Kappiataitok/inuit_sanduitdaughter/3422939234120171033/-1303/81/185
7.1.2 03-03-2019 21:48:35 MAJOR: (sanduit_A0 at -1305/80/185/0/0/1569272889/Autsituqpuq/net.minecraft.world.WorldServer@40f59c66): Updating record for villager: Mapsaq Auma/inuit_sanduitson/4385879237324785885/-1303/81/185
7.1.2 03-03-2019 21:48:40 MAJOR: (sanduit_A0 at -1305/80/185/0/0/1569272889/Autsituqpuq/net.minecraft.world.WorldServer@40f59c66): Updating record for villager: Mumibnaq Kappiataitok/inuit_sanduitdaughter/3422939234120171033/-1303/81/185
7.1.2 03-03-2019 21:48:40 MAJOR: (sanduit_A0 at -1305/80/185/0/0/1569272889/Autsituqpuq/net.minecraft.world.WorldServer@40f59c66): Updating record for villager: Mapsaq Auma/inuit_sanduitson/4385879237324785885/-1303/81/185
7.1.2 03-03-2019 21:48:45 MAJOR: (sanduit_A0 at -1305/80/185/0/0/1569272889/Autsituqpuq/net.minecraft.world.WorldServer@40f59c66): Updating record for villager: Mumibnaq Kappiataitok/inuit_sanduitdaughter/3422939234120171033/-1303/81/185
7.1.2 03-03-2019 21:48:45 MAJOR: (sanduit_A0 at -1305/80/185/0/0/1569272889/Autsituqpuq/net.minecraft.world.WorldServer@40f59c66): Updating record for villager: Mapsaq Auma/inuit_sanduitson/4385879237324785885/-1303/81/185
7.1.2 03-03-2019 21:48:50 MAJOR: (sanduit_A0 at -1305/80/185/0/0/1569272889/Autsituqpuq/net.minecraft.world.WorldServer@40f59c66): Updating record for villager: Mumibnaq Kappiataitok/inuit_sanduitdaughter/3422939234120171033/-1303/81/185
7.1.2 03-03-2019 21:48:50 MAJOR: (sanduit_A0 at -1305/80/185/0/0/1569272889/Autsituqpuq/net.minecraft.world.WorldServer@40f59c66): Updating record for villager: Mapsaq Auma/inuit_sanduitson/4385879237324785885/-1303/81/185
7.1.2 03-03-2019 21:48:55 MAJOR: (sanduit_A0 at -1305/80/185/0/0/1569272889/Autsituqpuq/net.minecraft.world.WorldServer@40f59c66): Updating record for villager: Mumibnaq Kappiataitok/inuit_sanduitdaughter/3422939234120171033/-1303/81/185
7.1.2 03-03-2019 21:48:55 MAJOR: (sanduit_A0 at -1305/80/185/0/0/1569272889/Autsituqpuq/net.minecraft.world.WorldServer@40f59c66): Updating record for villager: Mapsaq Auma/inuit_sanduitson/4385879237324785885/-1303/81/185
7.1.2 03-03-2019 21:49:00 MAJOR: (sanduit_A0 at -1305/80/185/0/0/1569272889/Autsituqpuq/net.minecraft.world.WorldServer@40f59c66): Updating record for villager: Mumibnaq Kappiataitok/inuit_sanduitdaughter/3422939234120171033/-1303/81/185
7.1.2 03-03-2019 21:49:00 MAJOR: (sanduit_A0 at -1305/80/185/0/0/1569272889/Autsituqpuq/net.minecraft.world.WorldServer@40f59c66): Updating record for villager: Mapsaq Auma/inuit_sanduitson/4385879237324785885/-1303/81/185
7.1.2 03-03-2019 21:49:05 MAJOR: (sanduit_A0 at -1305/80/185/0/0/1569272889/Autsituqpuq/net.minecraft.world.WorldServer@40f59c66): Updating record for villager: Mumibnaq Kappiataitok/inuit_sanduitdaughter/3422939234120171033/-1303/81/185
7.1.2 03-03-2019 21:49:05 MAJOR: (sanduit_A0 at -1305/80/185/0/0/1569272889/Autsituqpuq/net.minecraft.world.WorldServer@40f59c66): Updating record for villager: Mapsaq Auma/inuit_sanduitson/4385879237324785885/-1303/81/185
7.1.2 03-03-2019 21:49:10 MAJOR: (sanduit_A0 at -1305/80/185/0/0/1569272889/Autsituqpuq/net.minecraft.world.WorldServer@40f59c66): Updating record for villager: Mumibnaq Kappiataitok/inuit_sanduitdaughter/3422939234120171033/-1303/81/185
7.1.2 03-03-2019 21:49:10 MAJOR: (sanduit_A0 at -1305/80/185/0/0/1569272889/Autsituqpuq/net.minecraft.world.WorldServer@40f59c66): Updating record for villager: Mapsaq Auma/inuit_sanduitson/4385879237324785885/-1303/81/185
7.1.2 03-03-2019 21:49:15 MAJOR: (sanduit_A0 at -1305/80/185/0/0/1569272889/Autsituqpuq/net.minecraft.world.WorldServer@40f59c66): Updating record for villager: Mumibnaq Kappiataitok/inuit_sanduitdaughter/3422939234120171033/-1303/81/185
7.1.2 03-03-2019 21:49:15 MAJOR: (sanduit_A0 at -1305/80/185/0/0/1569272889/Autsituqpuq/net.minecraft.world.WorldServer@40f59c66): Updating record for villager: Mapsaq Auma/inuit_sanduitson/4385879237324785885/-1303/81/185
7.1.2 03-03-2019 21:49:20 MAJOR: (sanduit_A0 at -1305/80/185/0/0/1569272889/Autsituqpuq/net.minecraft.world.WorldServer@40f59c66): Updating record for villager: Mumibnaq Kappiataitok/inuit_sanduitdaughter/3422939234120171033/-1303/81/185
7.1.2 03-03-2019 21:49:20 MAJOR: (sanduit_A0 at -1305/80/185/0/0/1569272889/Autsituqpuq/net.minecraft.world.WorldServer@40f59c66): Updating record for villager: Mapsaq Auma/inuit_sanduitson/4385879237324785885/-1303/81/185
7.1.2 03-03-2019 21:49:25 MAJOR: (sanduit_A0 at -1305/80/185/0/0/1569272889/Autsituqpuq/net.minecraft.world.WorldServer@40f59c66): Updating record for villager: Mumibnaq Kappiataitok/inuit_sanduitdaughter/3422939234120171033/-1303/81/185
7.1.2 03-03-2019 21:49:25 MAJOR: (sanduit_A0 at -1305/80/185/0/0/1569272889/Autsituqpuq/net.minecraft.world.WorldServer@40f59c66): Updating record for villager: Mapsaq Auma/inuit_sanduitson/4385879237324785885/-1303/81/185
7.1.2 03-03-2019 21:49:31 MAJOR: (sanduit_A0 at -1305/80/185/0/0/1569272889/Autsituqpuq/net.minecraft.world.WorldServer@40f59c66): Updating record for villager: Mumibnaq Kappiataitok/inuit_sanduitdaughter/3422939234120171033/-1303/81/185
7.1.2 03-03-2019 21:49:31 MAJOR: (sanduit_A0 at -1305/80/185/0/0/1569272889/Autsituqpuq/net.minecraft.world.WorldServer@40f59c66): Updating record for villager: Mapsaq Auma/inuit_sanduitson/4385879237324785885/-1303/81/185
7.1.2 03-03-2019 21:49:35 MAJOR: (sanduit_A0 at -1305/80/185/0/0/1569272889/Autsituqpuq/net.minecraft.world.WorldServer@40f59c66): Updating record for villager: Mumibnaq Kappiataitok/inuit_sanduitdaughter/3422939234120171033/-1303/81/185
7.1.2 03-03-2019 21:49:35 MAJOR: (sanduit_A0 at -1305/80/185/0/0/1569272889/Autsituqpuq/net.minecraft.world.WorldServer@40f59c66): Updating record for villager: Mapsaq Auma/inuit_sanduitson/4385879237324785885/-1303/81/185
7.1.2 03-03-2019 21:49:40 MAJOR: (sanduit_A0 at -1305/80/185/0/0/1569272889/Autsituqpuq/net.minecraft.world.WorldServer@40f59c66): Updating record for villager: Mumibnaq Kappiataitok/inuit_sanduitdaughter/3422939234120171033/-1301/81/186
7.1.2 03-03-2019 21:49:40 MAJOR: (sanduit_A0 at -1305/80/185/0/0/1569272889/Autsituqpuq/net.minecraft.world.WorldServer@40f59c66): Updating record for villager: Mapsaq Auma/inuit_sanduitson/4385879237324785885/-1302/81/185
7.1.2 03-03-2019 21:49:45 MAJOR: (sanduit_A0 at -1305/80/185/0/0/1569272889/Autsituqpuq/net.minecraft.world.WorldServer@40f59c66): Updating record for villager: Mumibnaq Kappiataitok/inuit_sanduitdaughter/3422939234120171033/-1301/81/186
7.1.2 03-03-2019 21:49:45 MAJOR: (sanduit_A0 at -1305/80/185/0/0/1569272889/Autsituqpuq/net.minecraft.world.WorldServer@40f59c66): Updating record for villager: Mapsaq Auma/inuit_sanduitson/4385879237324785885/-1302/81/185
7.1.2 03-03-2019 21:49:50 MAJOR: (sanduit_A0 at -1305/80/185/0/0/1569272889/Autsituqpuq/net.minecraft.world.WorldServer@40f59c66): Updating record for villager: Mumibnaq Kappiataitok/inuit_sanduitdaughter/3422939234120171033/-1303/81/182
7.1.2 03-03-2019 21:49:50 MAJOR: (sanduit_A0 at -1305/80/185/0/0/1569272889/Autsituqpuq/net.minecraft.world.WorldServer@40f59c66): Updating record for villager: Mapsaq Auma/inuit_sanduitson/4385879237324785885/-1303/81/185
7.1.2 03-03-2019 21:49:55 MAJOR: (sanduit_A0 at -1305/80/185/0/0/1569272889/Autsituqpuq/net.minecraft.world.WorldServer@40f59c66): Updating record for villager: Mumibnaq Kappiataitok/inuit_sanduitdaughter/3422939234120171033/-1303/81/182
7.1.2 03-03-2019 21:49:55 MAJOR: (sanduit_A0 at -1305/80/185/0/0/1569272889/Autsituqpuq/net.minecraft.world.WorldServer@40f59c66): Updating record for villager: Mapsaq Auma/inuit_sanduitson/4385879237324785885/-1303/81/185
7.1.2 03-03-2019 21:50:00 MAJOR: (sanduit_A0 at -1305/80/185/0/0/1569272889/Autsituqpuq/net.minecraft.world.WorldServer@40f59c66): Updating record for villager: Mumibnaq Kappiataitok/inuit_sanduitdaughter/3422939234120171033/-1303/81/182
7.1.2 03-03-2019 21:50:00 MAJOR: (sanduit_A0 at -1305/80/185/0/0/1569272889/Autsituqpuq/net.minecraft.world.WorldServer@40f59c66): Updating record for villager: Mapsaq Auma/inuit_sanduitson/4385879237324785885/-1303/81/185
7.1.2 03-03-2019 21:50:05 MAJOR: (sanduit_A0 at -1305/80/185/0/0/1569272889/Autsituqpuq/net.minecraft.world.WorldServer@40f59c66): Updating record for villager: Mumibnaq Kappiataitok/inuit_sanduitdaughter/3422939234120171033/-1303/81/182
7.1.2 03-03-2019 21:50:05 MAJOR: (sanduit_A0 at -1305/80/185/0/0/1569272889/Autsituqpuq/net.minecraft.world.WorldServer@40f59c66): Updating record for villager: Mapsaq Auma/inuit_sanduitson/4385879237324785885/-1303/81/185
7.1.2 03-03-2019 21:50:10 MAJOR: (sanduit_A0 at -1305/80/185/0/0/1569272889/Autsituqpuq/net.minecraft.world.WorldServer@40f59c66): Updating record for villager: Mumibnaq Kappiataitok/inuit_sanduitdaughter/3422939234120171033/-1303/81/182
7.1.2 03-03-2019 21:50:10 MAJOR: (sanduit_A0 at -1305/80/185/0/0/1569272889/Autsituqpuq/net.minecraft.world.WorldServer@40f59c66): Updating record for villager: Mapsaq Auma/inuit_sanduitson/4385879237324785885/-1303/81/185
7.1.2 03-03-2019 21:50:16 MAJOR: (sanduit_A0 at -1305/80/185/0/0/1569272889/Autsituqpuq/net.minecraft.world.WorldServer@40f59c66): Updating record for villager: Mumibnaq Kappiataitok/inuit_sanduitdaughter/3422939234120171033/-1303/81/182
7.1.2 03-03-2019 21:50:16 MAJOR: (sanduit_A0 at -1305/80/185/0/0/1569272889/Autsituqpuq/net.minecraft.world.WorldServer@40f59c66): Updating record for villager: Mapsaq Auma/inuit_sanduitson/4385879237324785885/-1303/81/185
7.1.2 03-03-2019 21:50:20 MAJOR: (sanduit_A0 at -1305/80/185/0/0/1569272889/Autsituqpuq/net.minecraft.world.WorldServer@40f59c66): Updating record for villager: Mumibnaq Kappiataitok/inuit_sanduitdaughter/3422939234120171033/-1303/81/182
7.1.2 03-03-2019 21:50:20 MAJOR: (sanduit_A0 at -1305/80/185/0/0/1569272889/Autsituqpuq/net.minecraft.world.WorldServer@40f59c66): Updating record for villager: Mapsaq Auma/inuit_sanduitson/4385879237324785885/-1303/81/185
7.1.2 03-03-2019 21:50:25 MAJOR: (sanduit_A0 at -1305/80/185/0/0/1569272889/Autsituqpuq/net.minecraft.world.WorldServer@40f59c66): Updating record for villager: Mumibnaq Kappiataitok/inuit_sanduitdaughter/3422939234120171033/-1303/81/182
7.1.2 03-03-2019 21:50:25 MAJOR: (sanduit_A0 at -1305/80/185/0/0/1569272889/Autsituqpuq/net.minecraft.world.WorldServer@40f59c66): Updating record for villager: Mapsaq Auma/inuit_sanduitson/4385879237324785885/-1303/81/185
7.1.2 03-03-2019 21:50:30 MAJOR: (sanduit_A0 at -1305/80/185/0/0/1569272889/Autsituqpuq/net.minecraft.world.WorldServer@40f59c66): Updating record for villager: Mumibnaq Kappiataitok/inuit_sanduitdaughter/3422939234120171033/-1303/81/182
7.1.2 03-03-2019 21:50:30 MAJOR: (sanduit_A0 at -1305/80/185/0/0/1569272889/Autsituqpuq/net.minecraft.world.WorldServer@40f59c66): Updating record for villager: Mapsaq Auma/inuit_sanduitson/4385879237324785885/-1303/81/185
7.1.2 03-03-2019 21:50:35 MAJOR: (sanduit_A0 at -1305/80/185/0/0/1569272889/Autsituqpuq/net.minecraft.world.WorldServer@40f59c66): Updating record for villager: Mumibnaq Kappiataitok/inuit_sanduitdaughter/3422939234120171033/-1303/81/182
7.1.2 03-03-2019 21:50:35 MAJOR: (sanduit_A0 at -1305/80/185/0/0/1569272889/Autsituqpuq/net.minecraft.world.WorldServer@40f59c66): Updating record for villager: Mapsaq Auma/inuit_sanduitson/4385879237324785885/-1303/81/185
7.1.2 03-03-2019 21:50:40 MAJOR: (sanduit_A0 at -1305/80/185/0/0/1569272889/Autsituqpuq/net.minecraft.world.WorldServer@40f59c66): Updating record for villager: Mumibnaq Kappiataitok/inuit_sanduitdaughter/3422939234120171033/-1303/81/182
7.1.2 03-03-2019 21:50:40 MAJOR: (sanduit_A0 at -1305/80/185/0/0/1569272889/Autsituqpuq/net.minecraft.world.WorldServer@40f59c66): Updating record for villager: Mapsaq Auma/inuit_sanduitson/4385879237324785885/-1303/81/185
7.1.2 03-03-2019 21:50:45 MAJOR: (sanduit_A0 at -1305/80/185/0/0/1569272889/Autsituqpuq/net.minecraft.world.WorldServer@40f59c66): Updating record for villager: Mumibnaq Kappiataitok/inuit_sanduitdaughter/3422939234120171033/-1303/81/182
7.1.2 03-03-2019 21:50:45 MAJOR: (sanduit_A0 at -1305/80/185/0/0/1569272889/Autsituqpuq/net.minecraft.world.WorldServer@40f59c66): Updating record for villager: Mapsaq Auma/inuit_sanduitson/4385879237324785885/-1303/81/185
7.1.2 03-03-2019 21:50:50 MAJOR: (sanduit_A0 at -1305/80/185/0/0/1569272889/Autsituqpuq/net.minecraft.world.WorldServer@40f59c66): Updating record for villager: Mumibnaq Kappiataitok/inuit_sanduitdaughter/3422939234120171033/-1303/81/182
7.1.2 03-03-2019 21:50:50 MAJOR: (sanduit_A0 at -1305/80/185/0/0/1569272889/Autsituqpuq/net.minecraft.world.WorldServer@40f59c66): Updating record for villager: Mapsaq Auma/inuit_sanduitson/4385879237324785885/-1303/81/185
7.1.2 03-03-2019 21:50:55 MAJOR: (sanduit_A0 at -1305/80/185/0/0/1569272889/Autsituqpuq/net.minecraft.world.WorldServer@40f59c66): Updating record for villager: Mumibnaq Kappiataitok/inuit_sanduitdaughter/3422939234120171033/-1303/81/182
7.1.2 03-03-2019 21:50:55 MAJOR: (sanduit_A0 at -1305/80/185/0/0/1569272889/Autsituqpuq/net.minecraft.world.WorldServer@40f59c66): Updating record for villager: Mapsaq Auma/inuit_sanduitson/4385879237324785885/-1303/81/185
7.1.2 03-03-2019 21:51:01 MAJOR: (sanduit_A0 at -1305/80/185/0/0/1569272889/Autsituqpuq/net.minecraft.world.WorldServer@40f59c66): Updating record for villager: Mumibnaq Kappiataitok/inuit_sanduitdaughter/3422939234120171033/-1303/81/182
7.1.2 03-03-2019 21:51:01 MAJOR: (sanduit_A0 at -1305/80/185/0/0/1569272889/Autsituqpuq/net.minecraft.world.WorldServer@40f59c66): Updating record for villager: Mapsaq Auma/inuit_sanduitson/4385879237324785885/-1303/81/185
7.1.2 03-03-2019 21:51:05 MAJOR: (sanduit_A0 at -1305/80/185/0/0/1569272889/Autsituqpuq/net.minecraft.world.WorldServer@40f59c66): Updating record for villager: Mumibnaq Kappiataitok/inuit_sanduitdaughter/3422939234120171033/-1303/81/182
7.1.2 03-03-2019 21:51:05 MAJOR: (sanduit_A0 at -1305/80/185/0/0/1569272889/Autsituqpuq/net.minecraft.world.WorldServer@40f59c66): Updating record for villager: Mapsaq Auma/inuit_sanduitson/4385879237324785885/-1303/81/185
7.1.2 03-03-2019 21:51:10 MAJOR: (sanduit_A0 at -1305/80/185/0/0/1569272889/Autsituqpuq/net.minecraft.world.WorldServer@40f59c66): Updating record for villager: Mumibnaq Kappiataitok/inuit_sanduitdaughter/3422939234120171033/-1303/81/182
7.1.2 03-03-2019 21:51:10 MAJOR: (sanduit_A0 at -1305/80/185/0/0/1569272889/Autsituqpuq/net.minecraft.world.WorldServer@40f59c66): Updating record for villager: Mapsaq Auma/inuit_sanduitson/4385879237324785885/-1303/81/185
7.1.2 03-03-2019 21:51:15 MAJOR: (sanduit_A0 at -1305/80/185/0/0/1569272889/Autsituqpuq/net.minecraft.world.WorldServer@40f59c66): Updating record for villager: Mumibnaq Kappiataitok/inuit_sanduitdaughter/3422939234120171033/-1303/81/182
7.1.2 03-03-2019 21:51:15 MAJOR: (sanduit_A0 at -1305/80/185/0/0/1569272889/Autsituqpuq/net.minecraft.world.WorldServer@40f59c66): Updating record for villager: Mapsaq Auma/inuit_sanduitson/4385879237324785885/-1303/81/185
7.1.2 03-03-2019 21:51:20 MAJOR: (sanduit_A0 at -1305/80/185/0/0/1569272889/Autsituqpuq/net.minecraft.world.WorldServer@40f59c66): Updating record for villager: Mumibnaq Kappiataitok/inuit_sanduitdaughter/3422939234120171033/-1303/81/182
7.1.2 03-03-2019 21:51:20 MAJOR: (sanduit_A0 at -1305/80/185/0/0/1569272889/Autsituqpuq/net.minecraft.world.WorldServer@40f59c66): Updating record for villager: Mapsaq Auma/inuit_sanduitson/4385879237324785885/-1303/81/185
7.1.2 03-03-2019 21:51:25 MAJOR: (sanduit_A0 at -1305/80/185/0/0/1569272889/Autsituqpuq/net.minecraft.world.WorldServer@40f59c66): Updating record for villager: Mumibnaq Kappiataitok/inuit_sanduitdaughter/3422939234120171033/-1303/81/182
7.1.2 03-03-2019 21:51:25 MAJOR: (sanduit_A0 at -1305/80/185/0/0/1569272889/Autsituqpuq/net.minecraft.world.WorldServer@40f59c66): Updating record for villager: Mapsaq Auma/inuit_sanduitson/4385879237324785885/-1303/81/185
7.1.2 03-03-2019 21:51:30 MAJOR: (sanduit_A0 at -1305/80/185/0/0/1569272889/Autsituqpuq/net.minecraft.world.WorldServer@40f59c66): Updating record for villager: Mumibnaq Kappiataitok/inuit_sanduitdaughter/3422939234120171033/-1303/81/182
7.1.2 03-03-2019 21:51:30 MAJOR: (sanduit_A0 at -1305/80/185/0/0/1569272889/Autsituqpuq/net.minecraft.world.WorldServer@40f59c66): Updating record for villager: Mapsaq Auma/inuit_sanduitson/4385879237324785885/-1303/81/185
7.1.2 03-03-2019 21:51:35 MAJOR: (sanduit_A0 at -1305/80/185/0/0/1569272889/Autsituqpuq/net.minecraft.world.WorldServer@40f59c66): Updating record for villager: Mumibnaq Kappiataitok/inuit_sanduitdaughter/3422939234120171033/-1303/81/182
7.1.2 03-03-2019 21:51:35 MAJOR: (sanduit_A0 at -1305/80/185/0/0/1569272889/Autsituqpuq/net.minecraft.world.WorldServer@40f59c66): Updating record for villager: Mapsaq Auma/inuit_sanduitson/4385879237324785885/-1303/81/185
7.1.2 03-03-2019 21:51:40 MAJOR: (sanduit_A0 at -1305/80/185/0/0/1569272889/Autsituqpuq/net.minecraft.world.WorldServer@40f59c66): Updating record for villager: Mumibnaq Kappiataitok/inuit_sanduitdaughter/3422939234120171033/-1303/81/182
7.1.2 03-03-2019 21:51:40 MAJOR: (sanduit_A0 at -1305/80/185/0/0/1569272889/Autsituqpuq/net.minecraft.world.WorldServer@40f59c66): Updating record for villager: Mapsaq Auma/inuit_sanduitson/4385879237324785885/-1303/81/185
7.1.2 03-03-2019 21:51:46 MAJOR: (sanduit_A0 at -1305/80/185/0/0/1569272889/Autsituqpuq/net.minecraft.world.WorldServer@40f59c66): Updating record for villager: Mumibnaq Kappiataitok/inuit_sanduitdaughter/3422939234120171033/-1303/81/182
7.1.2 03-03-2019 21:51:46 MAJOR: (sanduit_A0 at -1305/80/185/0/0/1569272889/Autsituqpuq/net.minecraft.world.WorldServer@40f59c66): Updating record for villager: Mapsaq Auma/inuit_sanduitson/4385879237324785885/-1303/81/185
7.1.2 03-03-2019 21:51:50 MAJOR: (sanduit_A0 at -1305/80/185/0/0/1569272889/Autsituqpuq/net.minecraft.world.WorldServer@40f59c66): Updating record for villager: Mumibnaq Kappiataitok/inuit_sanduitdaughter/3422939234120171033/-1303/81/182
7.1.2 03-03-2019 21:51:50 MAJOR: (sanduit_A0 at -1305/80/185/0/0/1569272889/Autsituqpuq/net.minecraft.world.WorldServer@40f59c66): Updating record for villager: Mapsaq Auma/inuit_sanduitson/4385879237324785885/-1303/81/185
7.1.2 03-03-2019 21:51:55 MAJOR: (sanduit_A0 at -1305/80/185/0/0/1569272889/Autsituqpuq/net.minecraft.world.WorldServer@40f59c66): Updating record for villager: Mumibnaq Kappiataitok/inuit_sanduitdaughter/3422939234120171033/-1303/81/182
7.1.2 03-03-2019 21:51:55 MAJOR: (sanduit_A0 at -1305/80/185/0/0/1569272889/Autsituqpuq/net.minecraft.world.WorldServer@40f59c66): Updating record for villager: Mapsaq Auma/inuit_sanduitson/4385879237324785885/-1303/81/185
7.1.2 03-03-2019 21:52:00 MAJOR: (sanduit_A0 at -1305/80/185/0/0/1569272889/Autsituqpuq/net.minecraft.world.WorldServer@40f59c66): Updating record for villager: Mumibnaq Kappiataitok/inuit_sanduitdaughter/3422939234120171033/-1303/81/182
7.1.2 03-03-2019 21:52:00 MAJOR: (sanduit_A0 at -1305/80/185/0/0/1569272889/Autsituqpuq/net.minecraft.world.WorldServer@40f59c66): Updating record for villager: Mapsaq Auma/inuit_sanduitson/4385879237324785885/-1303/81/185
7.1.2 03-03-2019 21:52:05 MAJOR: (sanduit_A0 at -1305/80/185/0/0/1569272889/Autsituqpuq/net.minecraft.world.WorldServer@40f59c66): Updating record for villager: Mumibnaq Kappiataitok/inuit_sanduitdaughter/3422939234120171033/-1303/81/182
7.1.2 03-03-2019 21:52:05 MAJOR: (sanduit_A0 at -1305/80/185/0/0/1569272889/Autsituqpuq/net.minecraft.world.WorldServer@40f59c66): Updating record for villager: Mapsaq Auma/inuit_sanduitson/4385879237324785885/-1303/81/185
7.1.2 03-03-2019 21:52:10 MAJOR: (sanduit_A0 at -1305/80/185/0/0/1569272889/Autsituqpuq/net.minecraft.world.WorldServer@40f59c66): Updating record for villager: Mumibnaq Kappiataitok/inuit_sanduitdaughter/3422939234120171033/-1303/81/182
7.1.2 03-03-2019 21:52:10 MAJOR: (sanduit_A0 at -1305/80/185/0/0/1569272889/Autsituqpuq/net.minecraft.world.WorldServer@40f59c66): Updating record for villager: Mapsaq Auma/inuit_sanduitson/4385879237324785885/-1303/81/185
7.1.2 03-03-2019 21:52:15 MAJOR: (sanduit_A0 at -1305/80/185/0/0/1569272889/Autsituqpuq/net.minecraft.world.WorldServer@40f59c66): Updating record for villager: Mumibnaq Kappiataitok/inuit_sanduitdaughter/3422939234120171033/-1303/81/182
7.1.2 03-03-2019 21:52:15 MAJOR: (sanduit_A0 at -1305/80/185/0/0/1569272889/Autsituqpuq/net.minecraft.world.WorldServer@40f59c66): Updating record for villager: Mapsaq Auma/inuit_sanduitson/4385879237324785885/-1303/81/185
7.1.2 03-03-2019 21:52:20 MAJOR: (sanduit_A0 at -1305/80/185/0/0/1569272889/Autsituqpuq/net.minecraft.world.WorldServer@40f59c66): Updating record for villager: Mumibnaq Kappiataitok/inuit_sanduitdaughter/3422939234120171033/-1303/81/182
7.1.2 03-03-2019 21:52:20 MAJOR: (sanduit_A0 at -1305/80/185/0/0/1569272889/Autsituqpuq/net.minecraft.world.WorldServer@40f59c66): Updating record for villager: Mapsaq Auma/inuit_sanduitson/4385879237324785885/-1303/81/185
7.1.2 03-03-2019 21:52:25 MAJOR: (sanduit_A0 at -1305/80/185/0/0/1569272889/Autsituqpuq/net.minecraft.world.WorldServer@40f59c66): Updating record for villager: Mumibnaq Kappiataitok/inuit_sanduitdaughter/3422939234120171033/-1303/81/182
7.1.2 03-03-2019 21:52:25 MAJOR: (sanduit_A0 at -1305/80/185/0/0/1569272889/Autsituqpuq/net.minecraft.world.WorldServer@40f59c66): Updating record for villager: Mapsaq Auma/inuit_sanduitson/4385879237324785885/-1303/81/185
7.1.2 04-03-2019 22:20:14 Starting new session. Mods: examplemod 
7.1.2 04-03-2019 22:20:43 MAJOR: null: Loading language: fr
7.1.2 04-03-2019 22:20:53 MAJOR: null: LanguageData loaded: fr. Wand invitem name: Wand of Summoning
7.1.2 04-03-2019 22:22:00 Starting new session. Mods: examplemod 
7.1.2 04-03-2019 22:22:22 MAJOR: null: Loading language: fr
7.1.2 04-03-2019 22:22:24 MAJOR: null: LanguageData loaded: fr. Wand invitem name: Wand of Summoning
7.1.2 05-03-2019 22:16:41 Starting new session. Mods: examplemod 
7.1.2 05-03-2019 22:17:11 MAJOR: null: Loading language: fr
7.1.2 05-03-2019 22:17:24 MAJOR: null: LanguageData loaded: fr. Wand invitem name: Wand of Summoning
7.1.2 06-03-2019 22:07:43 Starting new session. Mods: examplemod 
7.1.2 06-03-2019 22:08:02 MAJOR: null: Loading language: fr
7.1.2 06-03-2019 22:08:04 MAJOR: null: LanguageData loaded: fr. Wand invitem name: Wand of Summoning
7.1.2 06-03-2019 22:28:39 Starting new session. Mods: examplemod 
7.1.2 06-03-2019 22:28:57 MAJOR: null: Loading language: fr
7.1.2 06-03-2019 22:29:02 MAJOR: null: LanguageData loaded: fr. Wand invitem name: Wand of Summoning
7.1.2 06-03-2019 22:36:17 Starting new session. Mods: examplemod 
7.1.2 06-03-2019 22:36:33 MAJOR: null: Loading language: fr
7.1.2 06-03-2019 22:36:36 MAJOR: null: LanguageData loaded: fr. Wand invitem name: Wand of Summoning
7.1.2 07-03-2019 00:00:47 MAJOR: (fortbyzantine_A3 at 373/72/-161/2/0/906339545/Apoudoululimne/net.minecraft.world.WorldServer@41da8f4d): Finished ending raid. Records: 32
7.1.2 07-03-2019 01:09:14 Starting new session. Mods: examplemod 
7.1.2 07-03-2019 01:09:57 MAJOR: null: Loading language: fr
7.1.2 07-03-2019 01:10:08 MAJOR: null: LanguageData loaded: fr. Wand invitem name: Wand of Summoning
7.1.2 07-03-2019 02:34:11 MAJOR: (fortbyzantine_A3 at 373/72/-161/2/0/1413448421/Apoudoululimne/net.minecraft.world.WorldServer@a77bdf6): Finished ending raid. Records: 32
7.1.2 07-03-2019 02:35:42 MAJOR: (banditlair_A0 at 199/65/-409/2/0/1450242523/Repère de bandits/net.minecraft.world.WorldServer@a77bdf6): Finished ending raid. Records: 3
7.1.2 07-03-2019 10:49:26 Starting new session. Mods: examplemod 
7.1.2 07-03-2019 10:49:59 MAJOR: null: Loading language: fr
7.1.2 07-03-2019 10:50:10 MAJOR: null: LanguageData loaded: fr. Wand invitem name: Wand of Summoning
7.1.2 07-03-2019 12:21:33 Starting new session. Mods: examplemod 
7.1.2 07-03-2019 12:22:00 MAJOR: null: Loading language: fr
7.1.2 07-03-2019 12:22:13 MAJOR: null: LanguageData loaded: fr. Wand invitem name: Wand of Summoning
7.1.2 07-03-2019 12:46:21 MAJOR: (fortbyzantine_A3 at 373/72/-161/2/0/27377058/Apoudoululimne/net.minecraft.world.WorldServer@591f1900): Finished ending raid. Records: 32
7.1.2 07-03-2019 13:03:48 Starting new session. Mods: examplemod 
7.1.2 07-03-2019 13:04:18 MAJOR: null: Loading language: fr
7.1.2 07-03-2019 13:04:28 MAJOR: null: LanguageData loaded: fr. Wand invitem name: Wand of Summoning
7.1.2 07-03-2019 21:37:47 Starting new session. Mods: examplemod 
7.1.2 07-03-2019 21:38:29 MAJOR: null: Loading language: fr
7.1.2 07-03-2019 21:38:48 MAJOR: null: LanguageData loaded: fr. Wand invitem name: Wand of Summoning
7.1.2 07-03-2019 22:11:01 Exception when finding JPS path:
7.1.2 07-03-2019 22:11:01 org.millenaire.common.utilities.ThreadSafeUtilities$ChunkAccessException: Attempting to access a coordinate in an unloaded chunk within a thread in a server world at 511/-1245.
	at org.millenaire.common.utilities.ThreadSafeUtilities.validateCoords(ThreadSafeUtilities.java:81)
	at org.millenaire.common.utilities.ThreadSafeUtilities.getBlockState(ThreadSafeUtilities.java:44)
	at org.millenaire.common.pathing.atomicstryker.AStarStatic.isPassableBlock(AStarStatic.java:151)
	at org.millenaire.common.pathing.atomicstryker.AStarStatic.translateAStarPathtoPathEntity(AStarStatic.java:301)
	at org.millenaire.common.entity.MillVillager.applyPathCalculatedSinceLastTick(MillVillager.java:425)
	at org.millenaire.common.entity.MillVillager.func_70071_h_(MillVillager.java:2300)
	at net.minecraft.world.World.func_72866_a(World.java:1993)
	at net.minecraft.world.WorldServer.func_72866_a(WorldServer.java:832)
	at net.minecraft.world.World.func_72870_g(World.java:1955)
	at net.minecraft.world.World.func_72939_s(World.java:1759)
	at net.minecraft.world.WorldServer.func_72939_s(WorldServer.java:613)
	at net.minecraft.server.MinecraftServer.func_71190_q(MinecraftServer.java:767)
	at net.minecraft.server.dedicated.DedicatedServer.func_71190_q(DedicatedServer.java:397)
	at net.minecraft.server.MinecraftServer.func_71217_p(MinecraftServer.java:668)
	at net.minecraft.server.MinecraftServer.run(MinecraftServer.java:526)
	at java.lang.Thread.run(Unknown Source)

7.1.2 07-03-2019 22:11:01 ERROR: org.millenaire.common.pathing.atomicstryker.AStarWorkerJPS@4cdd237c: Chunk access violation while calculating a path for org.millenaire.common.pathing.atomicstryker.AStarPathPlannerJPS@48e2beb8
7.1.2 08-03-2019 09:07:15 Starting new session. Mods: examplemod 
7.1.2 08-03-2019 09:07:47 MAJOR: null: Loading language: fr
7.1.2 08-03-2019 09:07:58 MAJOR: null: LanguageData loaded: fr. Wand invitem name: Wand of Summoning
7.1.2 08-03-2019 10:02:31 MAJOR: (fortbyzantine_A5 at 373/72/-161/2/0/984844858/Apoudoululimne/net.minecraft.world.WorldServer@2600b49d): Finished ending raid. Records: 31
7.1.2 08-03-2019 15:53:41 MAJOR: (fortbyzantine_A5 at 373/72/-161/2/0/984844858/Apoudoululimne/net.minecraft.world.WorldServer@2600b49d): Finished ending raid. Records: 32
7.1.2 08-03-2019 19:49:45 MAJOR: (fortbyzantine_A5 at 373/72/-161/2/0/984844858/Apoudoululimne/net.minecraft.world.WorldServer@2600b49d): Finished ending raid. Records: 32
7.1.2 14-03-2019 22:45:34 Starting new session. Mods: examplemod 
7.1.2 14-03-2019 22:45:59 MAJOR: null: Loading language: fr
7.1.2 14-03-2019 22:46:03 MAJOR: null: LanguageData loaded: fr. Wand invitem name: Wand of Summoning
7.1.2 15-03-2019 20:35:34 Starting new session. Mods: examplemod 
7.1.2 15-03-2019 20:36:04 MAJOR: null: Loading language: fr
7.1.2 15-03-2019 20:36:20 MAJOR: null: LanguageData loaded: fr. Wand invitem name: Wand of Summoning
7.1.2 17-03-2019 21:50:22 Starting new session. Mods: examplemod 
7.1.2 17-03-2019 21:50:51 MAJOR: null: Loading language: fr
7.1.2 17-03-2019 21:51:02 MAJOR: null: LanguageData loaded: fr. Wand invitem name: Wand of Summoning
7.1.2 17-03-2019 23:25:23 Exception when finding JPS path:
7.1.2 17-03-2019 23:25:23 org.millenaire.common.utilities.ThreadSafeUtilities$ChunkAccessException: Attempting to access a coordinate in an unloaded chunk within a thread in a server world at 381/-107.
	at org.millenaire.common.utilities.ThreadSafeUtilities.validateCoords(ThreadSafeUtilities.java:81)
	at org.millenaire.common.utilities.ThreadSafeUtilities.getBlockState(ThreadSafeUtilities.java:44)
	at org.millenaire.common.pathing.atomicstryker.AStarStatic.isPassableBlock(AStarStatic.java:151)
	at org.millenaire.common.pathing.atomicstryker.AStarStatic.translateAStarPathtoPathEntity(AStarStatic.java:301)
	at org.millenaire.common.entity.MillVillager.applyPathCalculatedSinceLastTick(MillVillager.java:425)
	at org.millenaire.common.entity.MillVillager.func_70071_h_(MillVillager.java:2300)
	at net.minecraft.world.World.func_72866_a(World.java:1993)
	at net.minecraft.world.WorldServer.func_72866_a(WorldServer.java:832)
	at net.minecraft.world.World.func_72870_g(World.java:1955)
	at net.minecraft.world.World.func_72939_s(World.java:1759)
	at net.minecraft.world.WorldServer.func_72939_s(WorldServer.java:613)
	at net.minecraft.server.MinecraftServer.func_71190_q(MinecraftServer.java:767)
	at net.minecraft.server.dedicated.DedicatedServer.func_71190_q(DedicatedServer.java:397)
	at net.minecraft.server.MinecraftServer.func_71217_p(MinecraftServer.java:668)
	at net.minecraft.server.MinecraftServer.run(MinecraftServer.java:526)
	at java.lang.Thread.run(Unknown Source)

7.1.2 17-03-2019 23:25:23 ERROR: org.millenaire.common.pathing.atomicstryker.AStarWorkerJPS@35b05b7d: Chunk access violation while calculating a path for org.millenaire.common.pathing.atomicstryker.AStarPathPlannerJPS@3b77a263
7.1.2 21-03-2019 13:52:59 Starting new session. Mods: examplemod 
7.1.2 21-03-2019 13:53:33 MAJOR: null: Loading language: fr
7.1.2 21-03-2019 13:53:45 MAJOR: null: LanguageData loaded: fr. Wand invitem name: Wand of Summoning
7.1.2 24-03-2019 18:07:18 Starting new session. Mods: examplemod 
7.1.2 24-03-2019 18:07:49 MAJOR: null: Loading language: fr
7.1.2 24-03-2019 18:08:04 MAJOR: null: LanguageData loaded: fr. Wand invitem name: Wand of Summoning
7.1.2 30-03-2019 18:54:06 Starting new session. Mods: examplemod 
7.1.2 30-03-2019 18:54:34 MAJOR: null: Loading language: fr
7.1.2 30-03-2019 18:54:43 MAJOR: null: LanguageData loaded: fr. Wand invitem name: Wand of Summoning
7.1.2 30-03-2019 19:08:41 Starting new session. Mods: examplemod 
7.1.2 30-03-2019 19:09:14 MAJOR: null: Loading language: fr
7.1.2 30-03-2019 19:09:27 MAJOR: null: LanguageData loaded: fr. Wand invitem name: Wand of Summoning
7.1.2 30-03-2019 19:24:48 Starting new session. Mods: examplemod 
7.1.2 30-03-2019 19:25:19 MAJOR: null: Loading language: fr
7.1.2 30-03-2019 19:25:29 MAJOR: null: LanguageData loaded: fr. Wand invitem name: Wand of Summoning
7.1.2 30-03-2019 23:27:52 MAJOR: (sanduit_A0 at 764/69/5611/0/0/887197117/Autsituqpuq/net.minecraft.world.WorldServer@73f5402c): Updating record for villager: Tukkaq Savapiabataqtuq/inuit_sanduitson/5455167985487620753/766/70/5611
7.1.2 30-03-2019 23:27:52 MAJOR: (sanduit_A0 at 764/69/5611/0/0/887197117/Autsituqpuq/net.minecraft.world.WorldServer@73f5402c): Updating record for villager: Ikjibvik Mapsaq/inuit_sanduitdaughter/2588610183267753655/766/70/5611
7.1.2 30-03-2019 23:27:59 MAJOR: (sanduit_A0 at 764/69/5611/0/0/887197117/Autsituqpuq/net.minecraft.world.WorldServer@73f5402c): Updating record for villager: Tukkaq Savapiabataqtuq/inuit_sanduitson/5455167985487620753/766/70/5611
7.1.2 30-03-2019 23:27:59 MAJOR: (sanduit_A0 at 764/69/5611/0/0/887197117/Autsituqpuq/net.minecraft.world.WorldServer@73f5402c): Updating record for villager: Ikjibvik Mapsaq/inuit_sanduitdaughter/2588610183267753655/766/70/5611
7.1.2 30-03-2019 23:28:03 MAJOR: (sanduit_A0 at 764/69/5611/0/0/887197117/Autsituqpuq/net.minecraft.world.WorldServer@73f5402c): Updating record for villager: Tukkaq Savapiabataqtuq/inuit_sanduitson/5455167985487620753/766/70/5611
7.1.2 30-03-2019 23:28:03 MAJOR: (sanduit_A0 at 764/69/5611/0/0/887197117/Autsituqpuq/net.minecraft.world.WorldServer@73f5402c): Updating record for villager: Ikjibvik Mapsaq/inuit_sanduitdaughter/2588610183267753655/766/70/5611
7.1.2 30-03-2019 23:28:07 MAJOR: (sanduit_A0 at 764/69/5611/0/0/887197117/Autsituqpuq/net.minecraft.world.WorldServer@73f5402c): Updating record for villager: Tukkaq Savapiabataqtuq/inuit_sanduitson/5455167985487620753/766/70/5611
7.1.2 30-03-2019 23:28:07 MAJOR: (sanduit_A0 at 764/69/5611/0/0/887197117/Autsituqpuq/net.minecraft.world.WorldServer@73f5402c): Updating record for villager: Ikjibvik Mapsaq/inuit_sanduitdaughter/2588610183267753655/766/70/5611
7.1.2 30-03-2019 23:28:12 MAJOR: (sanduit_A0 at 764/69/5611/0/0/887197117/Autsituqpuq/net.minecraft.world.WorldServer@73f5402c): Updating record for villager: Tukkaq Savapiabataqtuq/inuit_sanduitson/5455167985487620753/766/70/5611
7.1.2 30-03-2019 23:28:12 MAJOR: (sanduit_A0 at 764/69/5611/0/0/887197117/Autsituqpuq/net.minecraft.world.WorldServer@73f5402c): Updating record for villager: Ikjibvik Mapsaq/inuit_sanduitdaughter/2588610183267753655/766/70/5611
7.1.2 30-03-2019 23:28:17 MAJOR: (sanduit_A0 at 764/69/5611/0/0/887197117/Autsituqpuq/net.minecraft.world.WorldServer@73f5402c): Updating record for villager: Tukkaq Savapiabataqtuq/inuit_sanduitson/5455167985487620753/766/70/5611
7.1.2 30-03-2019 23:28:17 MAJOR: (sanduit_A0 at 764/69/5611/0/0/887197117/Autsituqpuq/net.minecraft.world.WorldServer@73f5402c): Updating record for villager: Ikjibvik Mapsaq/inuit_sanduitdaughter/2588610183267753655/766/70/5611
7.1.2 30-03-2019 23:28:22 MAJOR: (sanduit_A0 at 764/69/5611/0/0/887197117/Autsituqpuq/net.minecraft.world.WorldServer@73f5402c): Updating record for villager: Tukkaq Savapiabataqtuq/inuit_sanduitson/5455167985487620753/766/70/5611
7.1.2 30-03-2019 23:28:22 MAJOR: (sanduit_A0 at 764/69/5611/0/0/887197117/Autsituqpuq/net.minecraft.world.WorldServer@73f5402c): Updating record for villager: Ikjibvik Mapsaq/inuit_sanduitdaughter/2588610183267753655/766/70/5611
7.1.2 30-03-2019 23:28:27 MAJOR: (sanduit_A0 at 764/69/5611/0/0/887197117/Autsituqpuq/net.minecraft.world.WorldServer@73f5402c): Updating record for villager: Tukkaq Savapiabataqtuq/inuit_sanduitson/5455167985487620753/766/70/5611
7.1.2 30-03-2019 23:28:27 MAJOR: (sanduit_A0 at 764/69/5611/0/0/887197117/Autsituqpuq/net.minecraft.world.WorldServer@73f5402c): Updating record for villager: Ikjibvik Mapsaq/inuit_sanduitdaughter/2588610183267753655/766/70/5611
7.1.2 30-03-2019 23:28:32 MAJOR: (sanduit_A0 at 764/69/5611/0/0/887197117/Autsituqpuq/net.minecraft.world.WorldServer@73f5402c): Updating record for villager: Tukkaq Savapiabataqtuq/inuit_sanduitson/5455167985487620753/766/70/5611
7.1.2 30-03-2019 23:28:32 MAJOR: (sanduit_A0 at 764/69/5611/0/0/887197117/Autsituqpuq/net.minecraft.world.WorldServer@73f5402c): Updating record for villager: Ikjibvik Mapsaq/inuit_sanduitdaughter/2588610183267753655/766/70/5611
7.1.2 30-03-2019 23:28:38 MAJOR: (sanduit_A0 at 764/69/5611/0/0/887197117/Autsituqpuq/net.minecraft.world.WorldServer@73f5402c): Updating record for villager: Tukkaq Savapiabataqtuq/inuit_sanduitson/5455167985487620753/766/70/5611
7.1.2 30-03-2019 23:28:38 MAJOR: (sanduit_A0 at 764/69/5611/0/0/887197117/Autsituqpuq/net.minecraft.world.WorldServer@73f5402c): Updating record for villager: Ikjibvik Mapsaq/inuit_sanduitdaughter/2588610183267753655/766/70/5611
7.1.2 30-03-2019 23:28:42 MAJOR: (sanduit_A0 at 764/69/5611/0/0/887197117/Autsituqpuq/net.minecraft.world.WorldServer@73f5402c): Updating record for villager: Tukkaq Savapiabataqtuq/inuit_sanduitson/5455167985487620753/766/70/5611
7.1.2 30-03-2019 23:28:42 MAJOR: (sanduit_A0 at 764/69/5611/0/0/887197117/Autsituqpuq/net.minecraft.world.WorldServer@73f5402c): Updating record for villager: Ikjibvik Mapsaq/inuit_sanduitdaughter/2588610183267753655/766/70/5611
7.1.2 30-03-2019 23:28:47 MAJOR: (sanduit_A0 at 764/69/5611/0/0/887197117/Autsituqpuq/net.minecraft.world.WorldServer@73f5402c): Updating record for villager: Tukkaq Savapiabataqtuq/inuit_sanduitson/5455167985487620753/766/70/5611
7.1.2 30-03-2019 23:28:47 MAJOR: (sanduit_A0 at 764/69/5611/0/0/887197117/Autsituqpuq/net.minecraft.world.WorldServer@73f5402c): Updating record for villager: Ikjibvik Mapsaq/inuit_sanduitdaughter/2588610183267753655/766/70/5611
7.1.2 30-03-2019 23:28:52 MAJOR: (sanduit_A0 at 764/69/5611/0/0/887197117/Autsituqpuq/net.minecraft.world.WorldServer@73f5402c): Updating record for villager: Tukkaq Savapiabataqtuq/inuit_sanduitson/5455167985487620753/766/70/5611
7.1.2 30-03-2019 23:28:52 MAJOR: (sanduit_A0 at 764/69/5611/0/0/887197117/Autsituqpuq/net.minecraft.world.WorldServer@73f5402c): Updating record for villager: Ikjibvik Mapsaq/inuit_sanduitdaughter/2588610183267753655/766/70/5611
7.1.2 30-03-2019 23:28:57 MAJOR: (sanduit_A0 at 764/69/5611/0/0/887197117/Autsituqpuq/net.minecraft.world.WorldServer@73f5402c): Updating record for villager: Tukkaq Savapiabataqtuq/inuit_sanduitson/5455167985487620753/766/70/5611
7.1.2 30-03-2019 23:28:57 MAJOR: (sanduit_A0 at 764/69/5611/0/0/887197117/Autsituqpuq/net.minecraft.world.WorldServer@73f5402c): Updating record for villager: Ikjibvik Mapsaq/inuit_sanduitdaughter/2588610183267753655/766/70/5611
7.1.2 30-03-2019 23:29:06 MAJOR: (sanduit_A0 at 764/69/5611/0/0/887197117/Autsituqpuq/net.minecraft.world.WorldServer@73f5402c): Updating record for villager: Tukkaq Savapiabataqtuq/inuit_sanduitson/5455167985487620753/766/70/5611
7.1.2 30-03-2019 23:29:06 MAJOR: (sanduit_A0 at 764/69/5611/0/0/887197117/Autsituqpuq/net.minecraft.world.WorldServer@73f5402c): Updating record for villager: Ikjibvik Mapsaq/inuit_sanduitdaughter/2588610183267753655/766/70/5611
7.1.2 30-03-2019 23:29:10 MAJOR: (sanduit_A0 at 764/69/5611/0/0/887197117/Autsituqpuq/net.minecraft.world.WorldServer@73f5402c): Updating record for villager: Tukkaq Savapiabataqtuq/inuit_sanduitson/5455167985487620753/766/70/5611
7.1.2 30-03-2019 23:29:10 MAJOR: (sanduit_A0 at 764/69/5611/0/0/887197117/Autsituqpuq/net.minecraft.world.WorldServer@73f5402c): Updating record for villager: Ikjibvik Mapsaq/inuit_sanduitdaughter/2588610183267753655/766/70/5611
7.1.2 30-03-2019 23:29:14 MAJOR: (sanduit_A0 at 764/69/5611/0/0/887197117/Autsituqpuq/net.minecraft.world.WorldServer@73f5402c): Updating record for villager: Tukkaq Savapiabataqtuq/inuit_sanduitson/5455167985487620753/766/70/5611
7.1.2 30-03-2019 23:29:14 MAJOR: (sanduit_A0 at 764/69/5611/0/0/887197117/Autsituqpuq/net.minecraft.world.WorldServer@73f5402c): Updating record for villager: Ikjibvik Mapsaq/inuit_sanduitdaughter/2588610183267753655/766/70/5611
7.1.2 30-03-2019 23:29:24 MAJOR: (sanduit_A0 at 764/69/5611/0/0/887197117/Autsituqpuq/net.minecraft.world.WorldServer@73f5402c): Updating record for villager: Tukkaq Savapiabataqtuq/inuit_sanduitson/5455167985487620753/766/70/5611
7.1.2 30-03-2019 23:29:24 MAJOR: (sanduit_A0 at 764/69/5611/0/0/887197117/Autsituqpuq/net.minecraft.world.WorldServer@73f5402c): Updating record for villager: Ikjibvik Mapsaq/inuit_sanduitdaughter/2588610183267753655/766/70/5611
7.1.2 30-03-2019 23:29:28 MAJOR: (sanduit_A0 at 764/69/5611/0/0/887197117/Autsituqpuq/net.minecraft.world.WorldServer@73f5402c): Updating record for villager: Tukkaq Savapiabataqtuq/inuit_sanduitson/5455167985487620753/766/70/5611
7.1.2 30-03-2019 23:29:28 MAJOR: (sanduit_A0 at 764/69/5611/0/0/887197117/Autsituqpuq/net.minecraft.world.WorldServer@73f5402c): Updating record for villager: Ikjibvik Mapsaq/inuit_sanduitdaughter/2588610183267753655/766/70/5611
7.1.2 30-03-2019 23:29:47 MAJOR: (sanduit_A0 at 764/69/5611/0/0/887197117/Autsituqpuq/net.minecraft.world.WorldServer@73f5402c): Updating record for villager: Tukkaq Savapiabataqtuq/inuit_sanduitson/5455167985487620753/766/70/5611
7.1.2 30-03-2019 23:29:47 MAJOR: (sanduit_A0 at 764/69/5611/0/0/887197117/Autsituqpuq/net.minecraft.world.WorldServer@73f5402c): Updating record for villager: Ikjibvik Mapsaq/inuit_sanduitdaughter/2588610183267753655/766/70/5611
7.1.2 30-03-2019 23:29:50 MAJOR: (sanduit_A0 at 764/69/5611/0/0/887197117/Autsituqpuq/net.minecraft.world.WorldServer@73f5402c): Updating record for villager: Tukkaq Savapiabataqtuq/inuit_sanduitson/5455167985487620753/766/70/5611
7.1.2 30-03-2019 23:29:50 MAJOR: (sanduit_A0 at 764/69/5611/0/0/887197117/Autsituqpuq/net.minecraft.world.WorldServer@73f5402c): Updating record for villager: Ikjibvik Mapsaq/inuit_sanduitdaughter/2588610183267753655/766/70/5611
7.1.2 30-03-2019 23:29:56 MAJOR: (sanduit_A0 at 764/69/5611/0/0/887197117/Autsituqpuq/net.minecraft.world.WorldServer@73f5402c): Updating record for villager: Tukkaq Savapiabataqtuq/inuit_sanduitson/5455167985487620753/766/70/5611
7.1.2 30-03-2019 23:29:56 MAJOR: (sanduit_A0 at 764/69/5611/0/0/887197117/Autsituqpuq/net.minecraft.world.WorldServer@73f5402c): Updating record for villager: Ikjibvik Mapsaq/inuit_sanduitdaughter/2588610183267753655/766/70/5611
7.1.2 30-03-2019 23:30:03 MAJOR: (sanduit_A0 at 764/69/5611/0/0/887197117/Autsituqpuq/net.minecraft.world.WorldServer@73f5402c): Updating record for villager: Tukkaq Savapiabataqtuq/inuit_sanduitson/5455167985487620753/766/70/5611
7.1.2 30-03-2019 23:30:03 MAJOR: (sanduit_A0 at 764/69/5611/0/0/887197117/Autsituqpuq/net.minecraft.world.WorldServer@73f5402c): Updating record for villager: Ikjibvik Mapsaq/inuit_sanduitdaughter/2588610183267753655/766/70/5611
7.1.2 30-03-2019 23:30:29 MAJOR: (sanduit_A0 at 764/69/5611/0/0/887197117/Autsituqpuq/net.minecraft.world.WorldServer@73f5402c): Updating record for villager: Tukkaq Savapiabataqtuq/inuit_sanduitson/5455167985487620753/766/70/5611
7.1.2 30-03-2019 23:30:29 MAJOR: (sanduit_A0 at 764/69/5611/0/0/887197117/Autsituqpuq/net.minecraft.world.WorldServer@73f5402c): Updating record for villager: Ikjibvik Mapsaq/inuit_sanduitdaughter/2588610183267753655/766/70/5611
7.1.2 30-03-2019 23:30:32 MAJOR: (sanduit_A0 at 764/69/5611/0/0/887197117/Autsituqpuq/net.minecraft.world.WorldServer@73f5402c): Updating record for villager: Tukkaq Savapiabataqtuq/inuit_sanduitson/5455167985487620753/766/70/5611
7.1.2 30-03-2019 23:30:32 MAJOR: (sanduit_A0 at 764/69/5611/0/0/887197117/Autsituqpuq/net.minecraft.world.WorldServer@73f5402c): Updating record for villager: Ikjibvik Mapsaq/inuit_sanduitdaughter/2588610183267753655/766/70/5611
7.1.2 30-03-2019 23:30:36 MAJOR: (sanduit_A0 at 764/69/5611/0/0/887197117/Autsituqpuq/net.minecraft.world.WorldServer@73f5402c): Updating record for villager: Tukkaq Savapiabataqtuq/inuit_sanduitson/5455167985487620753/766/70/5611
7.1.2 30-03-2019 23:30:36 MAJOR: (sanduit_A0 at 764/69/5611/0/0/887197117/Autsituqpuq/net.minecraft.world.WorldServer@73f5402c): Updating record for villager: Ikjibvik Mapsaq/inuit_sanduitdaughter/2588610183267753655/766/70/5611
7.1.2 30-03-2019 23:30:45 MAJOR: (sanduit_A0 at 764/69/5611/0/0/887197117/Autsituqpuq/net.minecraft.world.WorldServer@73f5402c): Updating record for villager: Tukkaq Savapiabataqtuq/inuit_sanduitson/5455167985487620753/766/70/5611
7.1.2 30-03-2019 23:30:45 MAJOR: (sanduit_A0 at 764/69/5611/0/0/887197117/Autsituqpuq/net.minecraft.world.WorldServer@73f5402c): Updating record for villager: Ikjibvik Mapsaq/inuit_sanduitdaughter/2588610183267753655/766/70/5611
7.1.2 30-03-2019 23:44:37 Starting new session. Mods: examplemod 
7.1.2 30-03-2019 23:45:06 MAJOR: null: Loading language: fr
7.1.2 30-03-2019 23:45:18 MAJOR: null: LanguageData loaded: fr. Wand invitem name: Wand of Summoning
7.1.2 31-03-2019 20:04:22 Starting new session. Mods: examplemod 
7.1.2 31-03-2019 20:04:51 MAJOR: null: Loading language: fr
7.1.2 31-03-2019 20:05:01 MAJOR: null: LanguageData loaded: fr. Wand invitem name: Wand of Summoning
7.1.2 31-03-2019 21:15:34 MAJOR: (japanesefort_A0 at 887/71/919/0/0/399263113/Takayama/net.minecraft.world.WorldServer@322b01a8): Finished ending raid. Records: 17
7.1.2 31-03-2019 21:54:34 MAJOR: (mayanacropolis_A0 at 1173/66/173/2/0/83525473/Naj Tunich/net.minecraft.world.WorldServer@322b01a8): Finished ending raid. Records: 10
